<?xml version="1.0" encoding="UTF-8"?>
<!-- Generated by org.testng.reporters.JUnitReportReporter -->
<testsuite hostname="LAPTOP-A13CSC61" name="faceBookTest.FabeBookLogin" tests="1" failures="0" timestamp="22 Mar 2019 03:45:32 GMT" time="29.865" errors="0">
  <testcase name="Login" time="29.865" classname="faceBookTest.FabeBookLogin"/>
</testsuite> <!-- faceBookTest.FabeBookLogin -->
